2019-09-02 18:46:04 FATAL : LoggingMessage -> fatalLogMsg[30] -> [techreporter.logging.LoggingMessage.fatalLogMsg(LoggingMessage.java:30)] All fatal related message !!
2019-09-02 18:46:04 WARN  : LoggingMessage -> warnLogMsg[18] -> [techreporter.logging.LoggingMessage.warnLogMsg(LoggingMessage.java:18)] All warn related message !!
2019-09-02 18:46:04 ERROR : LoggingMessage -> errorLogMsg[10] -> [techreporter.logging.LoggingMessage.errorLogMsg(LoggingMessage.java:10)] All error related message !!
2019-09-02 18:46:04 DEBUG : LoggingMessage -> debugLogMsg[14] -> [techreporter.logging.LoggingMessage.debugLogMsg(LoggingMessage.java:14)] All debug related message !!
2019-09-02 18:46:04 INFO  : LoggingMessage -> infoLogMsg[22] -> [techreporter.logging.LoggingMessage.infoLogMsg(LoggingMessage.java:22)] All info related message !!
2019-09-02 18:58:57 FATAL : LoggingMessage -> fatalLogMsg[30] -> [techreporter.logging.LoggingMessage.fatalLogMsg(LoggingMessage.java:30)] All fatal related message !!
2019-09-02 18:58:57 WARN  : LoggingMessage -> warnLogMsg[18] -> [techreporter.logging.LoggingMessage.warnLogMsg(LoggingMessage.java:18)] All warn related message !!
2019-09-02 18:58:57 ERROR : LoggingMessage -> errorLogMsg[10] -> [techreporter.logging.LoggingMessage.errorLogMsg(LoggingMessage.java:10)] All error related message !!
2019-09-02 18:58:57 DEBUG : LoggingMessage -> debugLogMsg[14] -> [techreporter.logging.LoggingMessage.debugLogMsg(LoggingMessage.java:14)] All debug related message !!
2019-09-02 18:58:57 INFO  : LoggingMessage -> infoLogMsg[22] -> [techreporter.logging.LoggingMessage.infoLogMsg(LoggingMessage.java:22)] All info related message !!
2019-09-02 19:02:53 FATAL : LoggingMessage -> fatalLogMsg[30] -> [techreporter.logging.LoggingMessage.fatalLogMsg(LoggingMessage.java:30)] All fatal related message !!
2019-09-02 19:02:53 WARN  : LoggingMessage -> warnLogMsg[18] -> [techreporter.logging.LoggingMessage.warnLogMsg(LoggingMessage.java:18)] All warn related message !!
2019-09-02 19:02:53 ERROR : LoggingMessage -> errorLogMsg[10] -> [techreporter.logging.LoggingMessage.errorLogMsg(LoggingMessage.java:10)] All error related message !!
2019-09-02 19:02:53 DEBUG : LoggingMessage -> debugLogMsg[14] -> [techreporter.logging.LoggingMessage.debugLogMsg(LoggingMessage.java:14)] All debug related message !!
2019-09-02 19:02:53 INFO  : LoggingMessage -> infoLogMsg[22] -> [techreporter.logging.LoggingMessage.infoLogMsg(LoggingMessage.java:22)] All info related message !!
2019-09-02 19:06:07 FATAL : LoggingMessage -> fatalLogMsg[30] -> [techreporter.logging.LoggingMessage.fatalLogMsg(LoggingMessage.java:30)] All fatal related message !!
2019-09-02 19:06:07 WARN  : LoggingMessage -> warnLogMsg[18] -> [techreporter.logging.LoggingMessage.warnLogMsg(LoggingMessage.java:18)] All warn related message !!
2019-09-02 19:06:07 ERROR : LoggingMessage -> errorLogMsg[10] -> [techreporter.logging.LoggingMessage.errorLogMsg(LoggingMessage.java:10)] All error related message !!
2019-09-02 19:06:07 DEBUG : LoggingMessage -> debugLogMsg[14] -> [techreporter.logging.LoggingMessage.debugLogMsg(LoggingMessage.java:14)] All debug related message !!
2019-09-02 19:06:07 INFO  : LoggingMessage -> infoLogMsg[22] -> [techreporter.logging.LoggingMessage.infoLogMsg(LoggingMessage.java:22)] All info related message !!
2019-09-02 19:09:35 FATAL : LoggingMessage -> fatalLogMsg[30] -> [techreporter.logging.LoggingMessage.fatalLogMsg(LoggingMessage.java:30)] All fatal related message !!
2019-09-02 19:09:35 WARN  : LoggingMessage -> warnLogMsg[18] -> [techreporter.logging.LoggingMessage.warnLogMsg(LoggingMessage.java:18)] All warn related message !!
2019-09-02 19:09:35 ERROR : LoggingMessage -> errorLogMsg[10] -> [techreporter.logging.LoggingMessage.errorLogMsg(LoggingMessage.java:10)] All error related message !!
2019-09-02 19:09:35 DEBUG : LoggingMessage -> debugLogMsg[14] -> [techreporter.logging.LoggingMessage.debugLogMsg(LoggingMessage.java:14)] All debug related message !!
2019-09-02 19:09:35 INFO  : LoggingMessage -> infoLogMsg[22] -> [techreporter.logging.LoggingMessage.infoLogMsg(LoggingMessage.java:22)] All info related message !!
2019-09-02 19:09:48 FATAL : LoggingMessage -> fatalLogMsg[30] -> [techreporter.logging.LoggingMessage.fatalLogMsg(LoggingMessage.java:30)] All fatal related message !!
2019-09-02 19:09:48 WARN  : LoggingMessage -> warnLogMsg[18] -> [techreporter.logging.LoggingMessage.warnLogMsg(LoggingMessage.java:18)] All warn related message !!
2019-09-02 19:09:48 ERROR : LoggingMessage -> errorLogMsg[10] -> [techreporter.logging.LoggingMessage.errorLogMsg(LoggingMessage.java:10)] All error related message !!
2019-09-02 19:09:48 DEBUG : LoggingMessage -> debugLogMsg[14] -> [techreporter.logging.LoggingMessage.debugLogMsg(LoggingMessage.java:14)] All debug related message !!
2019-09-02 19:09:48 INFO  : LoggingMessage -> infoLogMsg[22] -> [techreporter.logging.LoggingMessage.infoLogMsg(LoggingMessage.java:22)] All info related message !!
2019-09-02 19:10:01 FATAL : LoggingMessage -> fatalLogMsg[30] -> [techreporter.logging.LoggingMessage.fatalLogMsg(LoggingMessage.java:30)] All fatal related message !!
2019-09-02 19:10:01 WARN  : LoggingMessage -> warnLogMsg[18] -> [techreporter.logging.LoggingMessage.warnLogMsg(LoggingMessage.java:18)] All warn related message !!
2019-09-02 19:10:01 ERROR : LoggingMessage -> errorLogMsg[10] -> [techreporter.logging.LoggingMessage.errorLogMsg(LoggingMessage.java:10)] All error related message !!
2019-09-02 19:10:01 DEBUG : LoggingMessage -> debugLogMsg[14] -> [techreporter.logging.LoggingMessage.debugLogMsg(LoggingMessage.java:14)] All debug related message !!
2019-09-02 19:10:01 INFO  : LoggingMessage -> infoLogMsg[22] -> [techreporter.logging.LoggingMessage.infoLogMsg(LoggingMessage.java:22)] All info related message !!
2019-09-02 19:10:01 FATAL : LoggingMessage -> fatalLogMsg[30] -> [techreporter.logging.LoggingMessage.fatalLogMsg(LoggingMessage.java:30)] All fatal related message !!
2019-09-02 19:10:01 WARN  : LoggingMessage -> warnLogMsg[18] -> [techreporter.logging.LoggingMessage.warnLogMsg(LoggingMessage.java:18)] All warn related message !!
2019-09-02 19:10:01 ERROR : LoggingMessage -> errorLogMsg[10] -> [techreporter.logging.LoggingMessage.errorLogMsg(LoggingMessage.java:10)] All error related message !!
2019-09-02 19:10:01 DEBUG : LoggingMessage -> debugLogMsg[14] -> [techreporter.logging.LoggingMessage.debugLogMsg(LoggingMessage.java:14)] All debug related message !!
2019-09-02 19:10:01 INFO  : LoggingMessage -> infoLogMsg[22] -> [techreporter.logging.LoggingMessage.infoLogMsg(LoggingMessage.java:22)] All info related message !!
2019-09-02 19:10:31 FATAL : LoggingMessage -> fatalLogMsg[30] -> [techreporter.logging.LoggingMessage.fatalLogMsg(LoggingMessage.java:30)] All fatal related message !!
2019-09-02 19:10:31 WARN  : LoggingMessage -> warnLogMsg[18] -> [techreporter.logging.LoggingMessage.warnLogMsg(LoggingMessage.java:18)] All warn related message !!
2019-09-02 19:10:31 ERROR : LoggingMessage -> errorLogMsg[10] -> [techreporter.logging.LoggingMessage.errorLogMsg(LoggingMessage.java:10)] All error related message !!
2019-09-02 19:10:31 DEBUG : LoggingMessage -> debugLogMsg[14] -> [techreporter.logging.LoggingMessage.debugLogMsg(LoggingMessage.java:14)] All debug related message !!
2019-09-02 19:10:31 INFO  : LoggingMessage -> infoLogMsg[22] -> [techreporter.logging.LoggingMessage.infoLogMsg(LoggingMessage.java:22)] All info related message !!
2019-09-02 19:10:58 FATAL : LoggingMessage -> fatalLogMsg[30] -> [techreporter.logging.LoggingMessage.fatalLogMsg(LoggingMessage.java:30)] All fatal related message !!
2019-09-02 19:10:58 WARN  : LoggingMessage -> warnLogMsg[18] -> [techreporter.logging.LoggingMessage.warnLogMsg(LoggingMessage.java:18)] All warn related message !!
2019-09-02 19:10:58 ERROR : LoggingMessage -> errorLogMsg[10] -> [techreporter.logging.LoggingMessage.errorLogMsg(LoggingMessage.java:10)] All error related message !!
2019-09-02 19:10:58 DEBUG : LoggingMessage -> debugLogMsg[14] -> [techreporter.logging.LoggingMessage.debugLogMsg(LoggingMessage.java:14)] All debug related message !!
2019-09-02 19:10:58 INFO  : LoggingMessage -> infoLogMsg[22] -> [techreporter.logging.LoggingMessage.infoLogMsg(LoggingMessage.java:22)] All info related message !!
2019-09-02 19:11:20 FATAL : LoggingMessage -> fatalLogMsg[30] -> [techreporter.logging.LoggingMessage.fatalLogMsg(LoggingMessage.java:30)] All fatal related message !!
2019-09-02 19:11:35 WARN  : LoggingMessage -> warnLogMsg[18] -> [techreporter.logging.LoggingMessage.warnLogMsg(LoggingMessage.java:18)] All warn related message !!
2019-09-02 19:11:35 ERROR : LoggingMessage -> errorLogMsg[10] -> [techreporter.logging.LoggingMessage.errorLogMsg(LoggingMessage.java:10)] All error related message !!
2019-09-02 19:11:36 DEBUG : LoggingMessage -> debugLogMsg[14] -> [techreporter.logging.LoggingMessage.debugLogMsg(LoggingMessage.java:14)] All debug related message !!
2019-09-02 19:11:36 INFO  : LoggingMessage -> infoLogMsg[22] -> [techreporter.logging.LoggingMessage.infoLogMsg(LoggingMessage.java:22)] All info related message !!
